2024-03-17 00:46:48,207 INFO: 다음으로 로그인
2024-03-17 00:46:48,207 INFO: 내전은 나라를 망친다
2024-03-17 00:46:48,207 INFO: connection was successful
2024-03-17 00:48:12,692 INFO: 사용자 정보를 추가했습니다: 승민, 7
2024-03-17 00:48:31,731 INFO: 사용자 정보를 추가했습니다: 승민, 0
2024-03-17 00:48:32,187 INFO: 사용자 정보를 추가했습니다: 다승, 6
2024-03-17 00:48:33,456 INFO: 사용자 정보를 추가했습니다: 정재, 7
2024-03-17 00:48:36,544 INFO: 사용자 정보를 추가했습니다: 재우, 5
2024-03-17 00:48:42,118 INFO: 사용자 정보를 추가했습니다: 준철, 0
2024-03-17 00:48:42,779 INFO: 사용자 정보를 추가했습니다: 우창, 7
2024-03-17 00:48:49,184 INFO: 사용자 정보를 추가했습니다: 다솔, 6
2024-03-17 00:48:49,939 INFO: 사용자 정보를 추가했습니다: 준철, 1
2024-03-17 00:49:00,287 INFO: 사용자 정보를 추가했습니다: 정재, 99
2024-03-17 00:49:25,126 INFO: croon님이 정재의 정보를 수정했습니다. (9)
2024-03-17 00:49:34,621 INFO: croon님이 승민의 정보를 수정했습니다. (7)
2024-03-17 00:50:05,483 INFO: 사용자 정보를 추가했습니다: 우조, 8
2024-03-17 00:50:26,131 INFO: 사용자 정보를 추가했습니다: 김샘, 9
2024-03-17 00:50:30,893 INFO: 사용자 정보를 추가했습니다: 규연, 2
2024-03-17 00:50:45,370 INFO: 사용자 정보를 추가했습니다: 대현, 11
2024-03-17 00:51:02,818 INFO: Team 1 (Score: 30):
['규연: 2', '재우: 5', '다승: 6', '우조: 8', '정재: 9']

Team 2 (Score: 30):
['준철: 1', '다솔: 6', '승민: 7', '우창: 7', '김샘: 9']

Score Difference: 0
2024-03-17 00:51:06,350 INFO: 사용자 정보를 추가했습니다: 희성, 5
2024-03-17 00:51:44,107 INFO: croon님이 정재의 정보를 수정했습니다. (10)
2024-03-17 00:52:02,620 INFO: Team 1 (Score: 30):
['규연: 2', '재우: 5', '다승: 6', '우조: 8', '김샘: 9']

Team 2 (Score: 31):
['준철: 1', '다솔: 6', '승민: 7', '우창: 7', '정재: 10']

Score Difference: 1
2024-03-17 00:54:57,528 INFO: 다음으로 로그인
2024-03-17 00:54:57,528 INFO: 내전은 나라를 망친다
2024-03-17 00:54:57,528 INFO: connection was successful
2024-03-17 00:55:52,291 INFO: Team 1 (Score: 31):
['규연: 2', '다승: 6', '다솔: 6', '우창: 7', '정재: 10']

Team 2 (Score: 30):
['준철: 1', '재우: 5', '승민: 7', '우조: 8', '김샘: 9']

Score Difference: 1
2024-03-17 00:56:34,201 INFO: 사용자 정보를 추가했습니다: 종성, 4
2024-03-17 02:59:39,670 INFO: 팀 1이 승리했습니다!
2024-03-17 04:02:11,465 INFO: Team 1 (Score: 31):
['규연: 3', '재우: 4', '승민: 6', '다솔: 7', '정재: 11']

Team 2 (Score: 30):
['준철: 0', '다승: 7', '우조: 7', '우창: 8', '김샘: 8']

Score Difference: 1
2024-03-17 04:02:26,156 INFO: Team 1 (Score: 30):
['규연: 3', '재우: 4', '우조: 7', '우창: 8', '김샘: 8']

Team 2 (Score: 31):
['준철: 0', '승민: 6', '다승: 7', '다솔: 7', '정재: 11']

Score Difference: 1
2024-03-17 04:03:17,436 INFO: Team 1 (Score: 31):
['규연: 3', '재우: 4', '승민: 6', '우조: 7', '정재: 11']

Team 2 (Score: 30):
['준철: 0', '다승: 7', '다솔: 7', '우창: 8', '김샘: 8']

Score Difference: 1
