2024-04-27 22:28:40,600 INFO: 다음으로 로그인
2024-04-27 22:28:40,601 INFO: 내전은 나라를 망친다
2024-04-27 22:28:40,601 INFO: connection was successful
2024-04-27 22:29:16,322 INFO: co_hicken님이 다솔의 정보를 수정했습니다. (11)
2024-04-27 22:29:23,026 INFO: co_hicken님이 정재의 정보를 수정했습니다. (11)
2024-04-27 22:29:25,940 INFO: co_hicken님이 김샘의 정보를 수정했습니다. (11)
2024-04-27 22:29:28,066 INFO: co_hicken님이 대현의 정보를 수정했습니다. (11)
2024-04-27 22:29:31,158 INFO: co_hicken님이 다승의 정보를 수정했습니다. (10)
2024-04-27 22:29:35,021 INFO: co_hicken님이 희성의 정보를 수정했습니다. (9)
2024-04-27 22:29:39,643 INFO: co_hicken님이 우창의 정보를 수정했습니다. (9)
2024-04-27 22:29:44,948 INFO: co_hicken님이 우창의 정보를 수정했습니다. (8)
2024-04-27 22:29:49,526 INFO: co_hicken님이 우조의 정보를 수정했습니다. (7)
2024-04-27 22:29:53,321 INFO: co_hicken님이 유승의 정보를 수정했습니다. (5)
2024-04-27 22:29:55,166 INFO: co_hicken님이 존재하지 않는 사용자의 정보를 수정하려고 시도했습니다.
2024-04-27 22:29:58,758 INFO: co_hicken님이 승민의 정보를 수정했습니다. (4)
2024-04-27 22:30:00,593 INFO: co_hicken님이 존재하지 않는 사용자의 정보를 수정하려고 시도했습니다.
2024-04-27 22:30:03,444 INFO: co_hicken님이 재우의 정보를 수정했습니다. (3)
2024-04-27 22:30:10,502 INFO: co_hicken님이 규연의 정보를 수정했습니다. (3)
2024-04-27 22:30:11,922 INFO: co_hicken님이 종성의 정보를 수정했습니다. (3)
2024-04-27 22:30:18,981 INFO: co_hicken님이 준철의 정보를 수정했습니다. (-8)
2024-04-27 22:30:30,881 INFO: 사용자 정보를 추가했습니다: 재용, 4
2024-04-27 22:30:54,861 INFO: 사용자 정보를 추가했습니다: 준표, 4
2024-04-27 22:31:13,609 INFO: co_hicken님이 재용의 정보를 수정했습니다. (5)
2024-04-27 22:32:05,532 INFO: Team 1 (Score: 28):
['준철: -8', '재우: 3', '다솔: 11', '정재: 11', '대현: 11']

Team 2 (Score: 29):
['종성: 3', '규연: 3', '재용: 5', '우창: 8', '다승: 10']

Score Difference: 1
2024-04-28 00:07:36,927 INFO: 팀 2가 승리했습니다!
2024-04-28 00:08:42,652 INFO: Team 1 (Score: 25):
['재우: 2', '종성: 4', '승민: 4', '재용: 6', '우창: 9']

Team 2 (Score: 25):
['준철: -9', '규연: 4', '다솔: 10', '정재: 10', '대현: 10']

Score Difference: 0
2024-04-28 01:14:24,412 INFO: 팀 1이 승리했습니다!
2024-04-28 01:14:27,400 INFO: Team 1 (Score: 25):
['규연: 3', '재우: 3', '종성: 5', '승민: 5', '대현: 9']

Team 2 (Score: 25):
['준철: -10', '재용: 7', '다솔: 9', '정재: 9', '우창: 10']

Score Difference: 0
2024-04-28 01:23:41,161 INFO: Team 1 (Score: 27):
['규연: 3', '재우: 3', '종성: 5', '승민: 5', '다승: 11']

Team 2 (Score: 27):
['준철: -10', '다솔: 9', '정재: 9', '대현: 9', '우창: 10']

Score Difference: 0
2024-04-28 01:32:43,045 INFO: Team 1 (Score: 29):
['준철: -10', '다솔: 9', '대현: 9', '우창: 10', '다승: 11']

Team 2 (Score: 29):
['재우: 3', '종성: 5', '승민: 5', '재용: 7', '정재: 9']

Score Difference: 0
2024-04-28 01:54:07,148 INFO: Team 1 (Score: 29):
['재우: 3', '종성: 5', '승민: 5', '재용: 7', '다솔: 9']

Team 2 (Score: 30):
['준철: -10', '정재: 9', '대현: 9', '다승: 11', '김샘: 11']

Score Difference: 1
2024-04-28 01:54:27,688 INFO: Team 1 (Score: 29):
['재우: 3', '종성: 5', '승민: 5', '재용: 7', '정재: 9']

Team 2 (Score: 30):
['준철: -10', '다솔: 9', '대현: 9', '다승: 11', '김샘: 11']

Score Difference: 1
2024-04-28 01:57:56,473 INFO: Team 1 (Score: 37):
['규연: 3', '종성: 5', '다솔: 9', '대현: 9', '김샘: 11']

Team 2 (Score: 35):
['재우: 3', '승민: 5', '재용: 7', '정재: 9', '다승: 11']

Score Difference: 2
2024-04-28 02:01:01,089 INFO: Team 1 (Score: 27):
['규연: 3', '재우: 3', '종성: 5', '승민: 5', '김샘: 11']

Team 2 (Score: 26):
['준철: -10', '재용: 7', '다솔: 9', '대현: 9', '다승: 11']

Score Difference: 1
2024-04-28 03:58:09,558 INFO: 팀 1이 승리했습니다!
2024-04-28 03:59:38,410 INFO: Team 1 (Score: 27):
['준철: -11', '다솔: 8', '대현: 8', '다승: 10', '김샘: 12']

Team 2 (Score: 26):
['규연: 4', '재우: 4', '재용: 6', '종성: 6', '승민: 6']

Score Difference: 1
