2024-04-01 22:14:10,178 INFO: 다음으로 로그인
2024-04-01 22:14:10,179 INFO: 내전은 나라를 망친다
2024-04-01 22:14:10,179 INFO: connection was successful
2024-04-01 22:15:38,309 INFO: croon님이 승민의 정보를 수정했습니다. (4)
2024-04-01 22:15:42,456 INFO: croon님이 다승의 정보를 수정했습니다. (9)
2024-04-01 22:15:53,848 INFO: hoburagi님이 재우의 정보를 수정했습니다. (2)
2024-04-01 22:16:13,049 INFO: croon님이 우창의 정보를 수정했습니다. (8)
2024-04-01 22:16:59,900 INFO: croon님이 다솔의 정보를 수정했습니다. (7)
2024-04-01 22:17:35,726 INFO: lyocell10님이 정재의 정보를 수정했습니다. (10)
2024-04-01 22:17:42,759 INFO: co_hicken님이 종성의 정보를 수정했습니다. (4)
2024-04-01 22:17:50,640 INFO: co_hicken님이 희성의 정보를 수정했습니다. (9)
2024-04-01 22:17:53,773 INFO: co_hicken님이 대현의 정보를 수정했습니다. (12)
2024-04-01 22:17:56,713 INFO: co_hicken님이 규연의 정보를 수정했습니다. (3)
2024-04-01 22:18:00,913 INFO: co_hicken님이 김샘의 정보를 수정했습니다. (10)
2024-04-01 22:18:31,312 INFO: co_hicken님이 승민의 정보를 수정했습니다. (4)
2024-04-01 22:18:39,767 INFO: co_hicken님이 다승의 정보를 수정했습니다. (9)
2024-04-01 22:18:49,275 INFO: co_hicken님이 재우의 정보를 수정했습니다. (2)
2024-04-01 22:19:01,675 INFO: co_hicken님이 우창의 정보를 수정했습니다. (8)
2024-04-01 22:19:09,811 INFO: co_hicken님이 다솔의 정보를 수정했습니다. (7)
2024-04-01 22:19:16,859 INFO: co_hicken님이 준철의 정보를 수정했습니다. (-1)
2024-04-01 22:19:21,081 INFO: co_hicken님이 정재의 정보를 수정했습니다. (10)
2024-04-01 22:19:26,777 INFO: co_hicken님이 우조의 정보를 수정했습니다. (8)
2024-04-01 22:19:30,916 INFO: co_hicken님이 김샘의 정보를 수정했습니다. (12)
2024-04-01 22:19:34,076 INFO: co_hicken님이 규연의 정보를 수정했습니다. (2)
2024-04-01 22:19:38,321 INFO: co_hicken님이 대현의 정보를 수정했습니다. (9)
2024-04-01 22:19:45,892 INFO: co_hicken님이 희성의 정보를 수정했습니다. (10)
2024-04-01 22:19:50,939 INFO: co_hicken님이 종성의 정보를 수정했습니다. (2)
2024-04-01 22:19:56,251 INFO: co_hicken님이 유승의 정보를 수정했습니다. (5)
2024-04-01 22:28:29,061 INFO: 다음으로 로그인
2024-04-01 22:28:29,062 INFO: 내전은 나라를 망친다
2024-04-01 22:28:29,062 INFO: connection was successful
2024-04-01 22:40:40,476 INFO: 다음으로 로그인
2024-04-01 22:40:40,477 INFO: 내전은 나라를 망친다
2024-04-01 22:40:40,477 INFO: connection was successful
2024-04-01 22:42:06,176 INFO: 다음으로 로그인
2024-04-01 22:42:06,177 INFO: 내전은 나라를 망친다
2024-04-01 22:42:06,177 INFO: connection was successful
2024-04-01 22:43:23,927 INFO: Team 1 (Score: 27):
['준철: -1', '재우: 2', '우창: 8', '우조: 8', '정재: 10']

Team 2 (Score: 27):
['종성: 2', '규연: 2', '승민: 4', '다승: 9', '희성: 10']

Score Difference: 0
2024-04-02 01:02:01,108 INFO: 팀 1이 승리했습니다!
