2024-03-15 16:55:06,249 INFO: 다음으로 로그인
2024-03-15 16:55:06,249 INFO: 내전은 나라를 망친다
2024-03-15 16:55:06,249 INFO: connection was successful
2024-03-15 16:56:22,234 INFO: 다음으로 로그인
2024-03-15 16:56:22,234 INFO: 내전은 나라를 망친다
2024-03-15 16:56:22,234 INFO: connection was successful
2024-03-15 17:46:41,890 INFO: 다음으로 로그인
2024-03-15 17:46:41,890 INFO: 내전은 나라를 망친다
2024-03-15 17:46:41,890 INFO: connection was successful
2024-03-15 17:46:57,055 INFO: 사용자 정보를 추가했습니다: 현승민, 5
2024-03-15 17:49:23,353 INFO: croon님이 현승민의 정보를 수정했습니다. (7)
2024-03-15 17:49:46,354 INFO: 사용자 정보를 추가했습니다: 김샘, 10
2024-03-15 17:49:50,389 INFO: 사용자 정보를 추가했습니다: 준철, 1
2024-03-15 17:49:53,451 INFO: 사용자 정보를 추가했습니다: 다솔, 7
2024-03-15 17:49:57,406 INFO: 사용자 정보를 추가했습니다: 종성, 4
2024-03-15 17:50:01,594 INFO: 사용자 정보를 추가했습니다: 우창, 7
2024-03-15 17:50:04,578 INFO: 사용자 정보를 추가했습니다: 우조, 9
2024-03-15 17:50:09,973 INFO: 사용자 정보를 추가했습니다: 정재, 9
2024-03-15 17:50:13,004 INFO: 사용자 정보를 추가했습니다: 대현, 11
2024-03-15 17:50:18,101 INFO: 사용자 정보를 추가했습니다: 다승, 7
2024-03-15 17:50:20,655 INFO: 사용자 정보를 추가했습니다: 규연, 2
2024-03-15 17:50:23,534 INFO: 사용자 정보를 추가했습니다: 재우, 4
2024-03-15 17:50:26,174 INFO: 사용자 정보를 추가했습니다: 희성, 5
2024-03-15 17:51:01,952 INFO: Team 1 (Score: 36):
['종성: 4', '다솔: 7', '현승민: 7', '우창: 7', '대현: 11']

Team 2 (Score: 36):
['준철: 1', '다승: 7', '우조: 9', '정재: 9', '김샘: 10']

Score Difference: 0
2024-03-15 17:51:10,871 INFO: Team 1 (Score: 36):
['준철: 1', '다솔: 7', '우창: 7', '김샘: 10', '대현: 11']

Team 2 (Score: 36):
['종성: 4', '현승민: 7', '다승: 7', '우조: 9', '정재: 9']

Score Difference: 0
2024-03-15 17:51:29,660 INFO: 팀 1이 승리했습니다!
2024-03-15 18:12:11,518 INFO: Team 1 (Score: 32):
['준철: 2', '다승: 6', '우조: 8', '정재: 8', '우창: 8']

Team 2 (Score: 31):
['종성: 3', '재우: 4', '희성: 5', '다솔: 8', '김샘: 11']

Score Difference: 1
2024-03-15 19:49:51,955 INFO: 다음으로 로그인
2024-03-15 19:49:51,955 INFO: 내전은 나라를 망친다
2024-03-15 19:49:51,955 INFO: connection was successful
