2024-04-02 01:03:36,657 INFO: 다음으로 로그인
2024-04-02 01:03:36,658 INFO: 내전은 나라를 망친다
2024-04-02 01:03:36,658 INFO: connection was successful
2024-04-02 01:51:47,051 INFO: 다음으로 로그인
2024-04-02 01:51:47,051 INFO: 내전은 나라를 망친다
2024-04-02 01:51:47,051 INFO: connection was successful
2024-04-02 01:52:06,564 INFO: Team 1 (Score: 27):
['준철: 0', '종성: 1', '다승: 8', '희성: 9', '우조: 9']

Team 2 (Score: 27):
['규연: 1', '승민: 3', '재우: 3', '우창: 9', '정재: 11']

Score Difference: 0
2024-04-02 01:52:20,918 INFO: Team 1 (Score: 31):
['준철: 0', '규연: 1', '우창: 9', '우조: 9', '김샘: 12']

Team 2 (Score: 32):
['종성: 1', '재우: 3', '다승: 8', '희성: 9', '정재: 11']

Score Difference: 1
2024-04-02 01:52:52,878 INFO: Team 1 (Score: 31):
['준철: 0', '재우: 3', '다승: 8', '우조: 9', '정재: 11']

Team 2 (Score: 32):
['종성: 1', '규연: 1', '우창: 9', '희성: 9', '김샘: 12']

Score Difference: 1
2024-04-02 01:52:54,376 INFO: Team 1 (Score: 31):
['종성: 1', '규연: 1', '우창: 9', '우조: 9', '정재: 11']

Team 2 (Score: 32):
['준철: 0', '재우: 3', '다승: 8', '희성: 9', '김샘: 12']

Score Difference: 1
